ARM GAS  /tmp/ccJ6GQ9l.s 			page 1


   1              		.cpu cortex-m4
   2              		.eabi_attribute 27, 1
   3              		.eabi_attribute 28, 1
   4              		.eabi_attribute 20, 1
   5              		.eabi_attribute 21, 1
   6              		.eabi_attribute 23, 3
   7              		.eabi_attribute 24, 1
   8              		.eabi_attribute 25, 1
   9              		.eabi_attribute 26, 1
  10              		.eabi_attribute 30, 1
  11              		.eabi_attribute 34, 1
  12              		.eabi_attribute 18, 4
  13              		.file	"can.c"
  14              		.text
  15              	.Ltext0:
  16              		.cfi_sections	.debug_frame
  17              		.section	.text.MX_CAN1_Init,"ax",%progbits
  18              		.align	1
  19              		.global	MX_CAN1_Init
  20              		.arch armv7e-m
  21              		.syntax unified
  22              		.thumb
  23              		.thumb_func
  24              		.fpu fpv4-sp-d16
  26              	MX_CAN1_Init:
  27              	.LFB134:
  28              		.file 1 "Core/Src/can.c"
   1:Core/Src/can.c **** /* USER CODE BEGIN Header */
   2:Core/Src/can.c **** /**
   3:Core/Src/can.c ****   ******************************************************************************
   4:Core/Src/can.c ****   * @file    can.c
   5:Core/Src/can.c ****   * @brief   This file provides code for the configuration
   6:Core/Src/can.c ****   *          of the CAN instances.
   7:Core/Src/can.c ****   ******************************************************************************
   8:Core/Src/can.c ****   * @attention
   9:Core/Src/can.c ****   *
  10:Core/Src/can.c ****   * Copyright (c) 2024 STMicroelectronics.
  11:Core/Src/can.c ****   * All rights reserved.
  12:Core/Src/can.c ****   *
  13:Core/Src/can.c ****   * This software is licensed under terms that can be found in the LICENSE file
  14:Core/Src/can.c ****   * in the root directory of this software component.
  15:Core/Src/can.c ****   * If no LICENSE file comes with this software, it is provided AS-IS.
  16:Core/Src/can.c ****   *
  17:Core/Src/can.c ****   ******************************************************************************
  18:Core/Src/can.c ****   */
  19:Core/Src/can.c **** /* USER CODE END Header */
  20:Core/Src/can.c **** /* Includes ------------------------------------------------------------------*/
  21:Core/Src/can.c **** #include "can.h"
  22:Core/Src/can.c **** 
  23:Core/Src/can.c **** /* USER CODE BEGIN 0 */
  24:Core/Src/can.c **** 
  25:Core/Src/can.c **** /* USER CODE END 0 */
  26:Core/Src/can.c **** 
  27:Core/Src/can.c **** CAN_HandleTypeDef hcan1;
  28:Core/Src/can.c **** 
  29:Core/Src/can.c **** /* CAN1 init function */
  30:Core/Src/can.c **** void MX_CAN1_Init(void)
ARM GAS  /tmp/ccJ6GQ9l.s 			page 2


  31:Core/Src/can.c **** {
  29              		.loc 1 31 1 view -0
  30              		.cfi_startproc
  31              		@ args = 0, pretend = 0, frame = 0
  32              		@ frame_needed = 0, uses_anonymous_args = 0
  33 0000 10B5     		push	{r4, lr}
  34              		.cfi_def_cfa_offset 8
  35              		.cfi_offset 4, -8
  36              		.cfi_offset 14, -4
  32:Core/Src/can.c **** 
  33:Core/Src/can.c ****   /* USER CODE BEGIN CAN1_Init 0 */
  34:Core/Src/can.c **** 
  35:Core/Src/can.c ****   /* USER CODE END CAN1_Init 0 */
  36:Core/Src/can.c **** 
  37:Core/Src/can.c ****   /* USER CODE BEGIN CAN1_Init 1 */
  38:Core/Src/can.c **** 
  39:Core/Src/can.c ****   /* USER CODE END CAN1_Init 1 */
  40:Core/Src/can.c ****   hcan1.Instance = CAN1;
  37              		.loc 1 40 3 view .LVU1
  38              		.loc 1 40 18 is_stmt 0 view .LVU2
  39 0002 1348     		ldr	r0, .L5
  40 0004 134B     		ldr	r3, .L5+4
  41 0006 0360     		str	r3, [r0]
  41:Core/Src/can.c ****   hcan1.Init.Prescaler = 3;
  42              		.loc 1 41 3 is_stmt 1 view .LVU3
  43              		.loc 1 41 24 is_stmt 0 view .LVU4
  44 0008 0323     		movs	r3, #3
  45 000a 4360     		str	r3, [r0, #4]
  42:Core/Src/can.c ****   hcan1.Init.Mode = CAN_MODE_LOOPBACK;
  46              		.loc 1 42 3 is_stmt 1 view .LVU5
  47              		.loc 1 42 19 is_stmt 0 view .LVU6
  48 000c 4FF08043 		mov	r3, #1073741824
  49 0010 8360     		str	r3, [r0, #8]
  43:Core/Src/can.c ****   hcan1.Init.SyncJumpWidth = CAN_SJW_1TQ;
  50              		.loc 1 43 3 is_stmt 1 view .LVU7
  51              		.loc 1 43 28 is_stmt 0 view .LVU8
  52 0012 0023     		movs	r3, #0
  53 0014 C360     		str	r3, [r0, #12]
  44:Core/Src/can.c ****   hcan1.Init.TimeSeg1 = CAN_BS1_12TQ;
  54              		.loc 1 44 3 is_stmt 1 view .LVU9
  55              		.loc 1 44 23 is_stmt 0 view .LVU10
  56 0016 4FF43022 		mov	r2, #720896
  57 001a 0261     		str	r2, [r0, #16]
  45:Core/Src/can.c ****   hcan1.Init.TimeSeg2 = CAN_BS2_2TQ;
  58              		.loc 1 45 3 is_stmt 1 view .LVU11
  59              		.loc 1 45 23 is_stmt 0 view .LVU12
  60 001c 4FF48012 		mov	r2, #1048576
  61 0020 4261     		str	r2, [r0, #20]
  46:Core/Src/can.c ****   hcan1.Init.TimeTriggeredMode = DISABLE;
  62              		.loc 1 46 3 is_stmt 1 view .LVU13
  63              		.loc 1 46 32 is_stmt 0 view .LVU14
  64 0022 0376     		strb	r3, [r0, #24]
  47:Core/Src/can.c ****   hcan1.Init.AutoBusOff = DISABLE;
  65              		.loc 1 47 3 is_stmt 1 view .LVU15
  66              		.loc 1 47 25 is_stmt 0 view .LVU16
  67 0024 4376     		strb	r3, [r0, #25]
  48:Core/Src/can.c ****   hcan1.Init.AutoWakeUp = DISABLE;
ARM GAS  /tmp/ccJ6GQ9l.s 			page 3


  68              		.loc 1 48 3 is_stmt 1 view .LVU17
  69              		.loc 1 48 25 is_stmt 0 view .LVU18
  70 0026 8376     		strb	r3, [r0, #26]
  49:Core/Src/can.c ****   hcan1.Init.AutoRetransmission = DISABLE;
  71              		.loc 1 49 3 is_stmt 1 view .LVU19
  72              		.loc 1 49 33 is_stmt 0 view .LVU20
  73 0028 C376     		strb	r3, [r0, #27]
  50:Core/Src/can.c ****   hcan1.Init.ReceiveFifoLocked = DISABLE;
  74              		.loc 1 50 3 is_stmt 1 view .LVU21
  75              		.loc 1 50 32 is_stmt 0 view .LVU22
  76 002a 0377     		strb	r3, [r0, #28]
  51:Core/Src/can.c ****   hcan1.Init.TransmitFifoPriority = DISABLE;
  77              		.loc 1 51 3 is_stmt 1 view .LVU23
  78              		.loc 1 51 35 is_stmt 0 view .LVU24
  79 002c 4377     		strb	r3, [r0, #29]
  52:Core/Src/can.c ****   if (HAL_CAN_Init(&hcan1) != HAL_OK)
  80              		.loc 1 52 3 is_stmt 1 view .LVU25
  81              		.loc 1 52 7 is_stmt 0 view .LVU26
  82 002e FFF7FEFF 		bl	HAL_CAN_Init
  83              	.LVL0:
  84              		.loc 1 52 6 view .LVU27
  85 0032 48B9     		cbnz	r0, .L4
  86              	.L2:
  53:Core/Src/can.c ****   {
  54:Core/Src/can.c ****     Error_Handler();
  55:Core/Src/can.c ****   }
  56:Core/Src/can.c ****   /* USER CODE BEGIN CAN1_Init 2 */
  57:Core/Src/can.c ****   HAL_CAN_ActivateNotification(&hcan1,
  87              		.loc 1 57 3 is_stmt 1 view .LVU28
  88 0034 064C     		ldr	r4, .L5
  89 0036 48F60271 		movw	r1, #36610
  90 003a 2046     		mov	r0, r4
  91 003c FFF7FEFF 		bl	HAL_CAN_ActivateNotification
  92              	.LVL1:
  58:Core/Src/can.c ****     CAN_IT_RX_FIFO0_MSG_PENDING |
  59:Core/Src/can.c ****     CAN_IT_ERROR_WARNING |
  60:Core/Src/can.c ****     CAN_IT_ERROR_PASSIVE |
  61:Core/Src/can.c ****     CAN_IT_BUSOFF |
  62:Core/Src/can.c ****     CAN_IT_LAST_ERROR_CODE |
  63:Core/Src/can.c ****     CAN_IT_ERROR
  64:Core/Src/can.c ****   );
  65:Core/Src/can.c ****   HAL_CAN_Start(&hcan1);
  93              		.loc 1 65 3 view .LVU29
  94 0040 2046     		mov	r0, r4
  95 0042 FFF7FEFF 		bl	HAL_CAN_Start
  96              	.LVL2:
  66:Core/Src/can.c ****   /* USER CODE END CAN1_Init 2 */
  67:Core/Src/can.c **** 
  68:Core/Src/can.c **** }
  97              		.loc 1 68 1 is_stmt 0 view .LVU30
  98 0046 10BD     		pop	{r4, pc}
  99              	.L4:
  54:Core/Src/can.c ****   }
 100              		.loc 1 54 5 is_stmt 1 view .LVU31
 101 0048 FFF7FEFF 		bl	Error_Handler
 102              	.LVL3:
 103 004c F2E7     		b	.L2
ARM GAS  /tmp/ccJ6GQ9l.s 			page 4


 104              	.L6:
 105 004e 00BF     		.align	2
 106              	.L5:
 107 0050 00000000 		.word	.LANCHOR0
 108 0054 00640040 		.word	1073767424
 109              		.cfi_endproc
 110              	.LFE134:
 112              		.section	.text.HAL_CAN_MspInit,"ax",%progbits
 113              		.align	1
 114              		.global	HAL_CAN_MspInit
 115              		.syntax unified
 116              		.thumb
 117              		.thumb_func
 118              		.fpu fpv4-sp-d16
 120              	HAL_CAN_MspInit:
 121              	.LVL4:
 122              	.LFB135:
  69:Core/Src/can.c **** 
  70:Core/Src/can.c **** void HAL_CAN_MspInit(CAN_HandleTypeDef* canHandle)
  71:Core/Src/can.c **** {
 123              		.loc 1 71 1 view -0
 124              		.cfi_startproc
 125              		@ args = 0, pretend = 0, frame = 32
 126              		@ frame_needed = 0, uses_anonymous_args = 0
 127              		.loc 1 71 1 is_stmt 0 view .LVU33
 128 0000 10B5     		push	{r4, lr}
 129              		.cfi_def_cfa_offset 8
 130              		.cfi_offset 4, -8
 131              		.cfi_offset 14, -4
 132 0002 88B0     		sub	sp, sp, #32
 133              		.cfi_def_cfa_offset 40
  72:Core/Src/can.c **** 
  73:Core/Src/can.c ****   GPIO_InitTypeDef GPIO_InitStruct = {0};
 134              		.loc 1 73 3 is_stmt 1 view .LVU34
 135              		.loc 1 73 20 is_stmt 0 view .LVU35
 136 0004 0023     		movs	r3, #0
 137 0006 0393     		str	r3, [sp, #12]
 138 0008 0493     		str	r3, [sp, #16]
 139 000a 0593     		str	r3, [sp, #20]
 140 000c 0693     		str	r3, [sp, #24]
 141 000e 0793     		str	r3, [sp, #28]
  74:Core/Src/can.c ****   if(canHandle->Instance==CAN1)
 142              		.loc 1 74 3 is_stmt 1 view .LVU36
 143              		.loc 1 74 15 is_stmt 0 view .LVU37
 144 0010 0268     		ldr	r2, [r0]
 145              		.loc 1 74 5 view .LVU38
 146 0012 254B     		ldr	r3, .L11
 147 0014 9A42     		cmp	r2, r3
 148 0016 01D0     		beq	.L10
 149              	.LVL5:
 150              	.L7:
  75:Core/Src/can.c ****   {
  76:Core/Src/can.c ****   /* USER CODE BEGIN CAN1_MspInit 0 */
  77:Core/Src/can.c **** 
  78:Core/Src/can.c ****   /* USER CODE END CAN1_MspInit 0 */
  79:Core/Src/can.c ****     /* CAN1 clock enable */
  80:Core/Src/can.c ****     __HAL_RCC_CAN1_CLK_ENABLE();
ARM GAS  /tmp/ccJ6GQ9l.s 			page 5


  81:Core/Src/can.c **** 
  82:Core/Src/can.c ****     __HAL_RCC_GPIOA_CLK_ENABLE();
  83:Core/Src/can.c ****     /**CAN1 GPIO Configuration
  84:Core/Src/can.c ****     PA11     ------> CAN1_RX
  85:Core/Src/can.c ****     PA12     ------> CAN1_TX
  86:Core/Src/can.c ****     */
  87:Core/Src/can.c ****     GPIO_InitStruct.Pin = GPIO_PIN_11|GPIO_PIN_12;
  88:Core/Src/can.c ****     GPIO_InitStruct.Mode = GPIO_MODE_AF_PP;
  89:Core/Src/can.c ****     GPIO_InitStruct.Pull = GPIO_NOPULL;
  90:Core/Src/can.c ****     GPIO_InitStruct.Speed = GPIO_SPEED_FREQ_VERY_HIGH;
  91:Core/Src/can.c ****     GPIO_InitStruct.Alternate = GPIO_AF9_CAN1;
  92:Core/Src/can.c ****     HAL_GPIO_Init(GPIOA, &GPIO_InitStruct);
  93:Core/Src/can.c **** 
  94:Core/Src/can.c ****     /* CAN1 interrupt Init */
  95:Core/Src/can.c ****     HAL_NVIC_SetPriority(CAN1_TX_IRQn, 0, 0);
  96:Core/Src/can.c ****     HAL_NVIC_EnableIRQ(CAN1_TX_IRQn);
  97:Core/Src/can.c ****     HAL_NVIC_SetPriority(CAN1_RX0_IRQn, 0, 0);
  98:Core/Src/can.c ****     HAL_NVIC_EnableIRQ(CAN1_RX0_IRQn);
  99:Core/Src/can.c ****     HAL_NVIC_SetPriority(CAN1_RX1_IRQn, 0, 0);
 100:Core/Src/can.c ****     HAL_NVIC_EnableIRQ(CAN1_RX1_IRQn);
 101:Core/Src/can.c ****     HAL_NVIC_SetPriority(CAN1_SCE_IRQn, 0, 0);
 102:Core/Src/can.c ****     HAL_NVIC_EnableIRQ(CAN1_SCE_IRQn);
 103:Core/Src/can.c ****   /* USER CODE BEGIN CAN1_MspInit 1 */
 104:Core/Src/can.c **** 
 105:Core/Src/can.c ****   /* USER CODE END CAN1_MspInit 1 */
 106:Core/Src/can.c ****   }
 107:Core/Src/can.c **** }
 151              		.loc 1 107 1 view .LVU39
 152 0018 08B0     		add	sp, sp, #32
 153              		.cfi_remember_state
 154              		.cfi_def_cfa_offset 8
 155              		@ sp needed
 156 001a 10BD     		pop	{r4, pc}
 157              	.LVL6:
 158              	.L10:
 159              		.cfi_restore_state
  80:Core/Src/can.c **** 
 160              		.loc 1 80 5 is_stmt 1 view .LVU40
 161              	.LBB2:
  80:Core/Src/can.c **** 
 162              		.loc 1 80 5 view .LVU41
 163 001c 0024     		movs	r4, #0
 164 001e 0194     		str	r4, [sp, #4]
  80:Core/Src/can.c **** 
 165              		.loc 1 80 5 view .LVU42
 166 0020 03F5EA33 		add	r3, r3, #119808
 167 0024 1A6C     		ldr	r2, [r3, #64]
 168 0026 42F00072 		orr	r2, r2, #33554432
 169 002a 1A64     		str	r2, [r3, #64]
  80:Core/Src/can.c **** 
 170              		.loc 1 80 5 view .LVU43
 171 002c 1A6C     		ldr	r2, [r3, #64]
 172 002e 02F00072 		and	r2, r2, #33554432
 173 0032 0192     		str	r2, [sp, #4]
  80:Core/Src/can.c **** 
 174              		.loc 1 80 5 view .LVU44
 175 0034 019A     		ldr	r2, [sp, #4]
ARM GAS  /tmp/ccJ6GQ9l.s 			page 6


 176              	.LBE2:
  80:Core/Src/can.c **** 
 177              		.loc 1 80 5 view .LVU45
  82:Core/Src/can.c ****     /**CAN1 GPIO Configuration
 178              		.loc 1 82 5 view .LVU46
 179              	.LBB3:
  82:Core/Src/can.c ****     /**CAN1 GPIO Configuration
 180              		.loc 1 82 5 view .LVU47
 181 0036 0294     		str	r4, [sp, #8]
  82:Core/Src/can.c ****     /**CAN1 GPIO Configuration
 182              		.loc 1 82 5 view .LVU48
 183 0038 1A6B     		ldr	r2, [r3, #48]
 184 003a 42F00102 		orr	r2, r2, #1
 185 003e 1A63     		str	r2, [r3, #48]
  82:Core/Src/can.c ****     /**CAN1 GPIO Configuration
 186              		.loc 1 82 5 view .LVU49
 187 0040 1B6B     		ldr	r3, [r3, #48]
 188 0042 03F00103 		and	r3, r3, #1
 189 0046 0293     		str	r3, [sp, #8]
  82:Core/Src/can.c ****     /**CAN1 GPIO Configuration
 190              		.loc 1 82 5 view .LVU50
 191 0048 029B     		ldr	r3, [sp, #8]
 192              	.LBE3:
  82:Core/Src/can.c ****     /**CAN1 GPIO Configuration
 193              		.loc 1 82 5 view .LVU51
  87:Core/Src/can.c ****     GPIO_InitStruct.Mode = GPIO_MODE_AF_PP;
 194              		.loc 1 87 5 view .LVU52
  87:Core/Src/can.c ****     GPIO_InitStruct.Mode = GPIO_MODE_AF_PP;
 195              		.loc 1 87 25 is_stmt 0 view .LVU53
 196 004a 4FF4C053 		mov	r3, #6144
 197 004e 0393     		str	r3, [sp, #12]
  88:Core/Src/can.c ****     GPIO_InitStruct.Pull = GPIO_NOPULL;
 198              		.loc 1 88 5 is_stmt 1 view .LVU54
  88:Core/Src/can.c ****     GPIO_InitStruct.Pull = GPIO_NOPULL;
 199              		.loc 1 88 26 is_stmt 0 view .LVU55
 200 0050 0223     		movs	r3, #2
 201 0052 0493     		str	r3, [sp, #16]
  89:Core/Src/can.c ****     GPIO_InitStruct.Speed = GPIO_SPEED_FREQ_VERY_HIGH;
 202              		.loc 1 89 5 is_stmt 1 view .LVU56
  90:Core/Src/can.c ****     GPIO_InitStruct.Alternate = GPIO_AF9_CAN1;
 203              		.loc 1 90 5 view .LVU57
  90:Core/Src/can.c ****     GPIO_InitStruct.Alternate = GPIO_AF9_CAN1;
 204              		.loc 1 90 27 is_stmt 0 view .LVU58
 205 0054 0323     		movs	r3, #3
 206 0056 0693     		str	r3, [sp, #24]
  91:Core/Src/can.c ****     HAL_GPIO_Init(GPIOA, &GPIO_InitStruct);
 207              		.loc 1 91 5 is_stmt 1 view .LVU59
  91:Core/Src/can.c ****     HAL_GPIO_Init(GPIOA, &GPIO_InitStruct);
 208              		.loc 1 91 31 is_stmt 0 view .LVU60
 209 0058 0923     		movs	r3, #9
 210 005a 0793     		str	r3, [sp, #28]
  92:Core/Src/can.c **** 
 211              		.loc 1 92 5 is_stmt 1 view .LVU61
 212 005c 03A9     		add	r1, sp, #12
 213 005e 1348     		ldr	r0, .L11+4
 214              	.LVL7:
  92:Core/Src/can.c **** 
ARM GAS  /tmp/ccJ6GQ9l.s 			page 7


 215              		.loc 1 92 5 is_stmt 0 view .LVU62
 216 0060 FFF7FEFF 		bl	HAL_GPIO_Init
 217              	.LVL8:
  95:Core/Src/can.c ****     HAL_NVIC_EnableIRQ(CAN1_TX_IRQn);
 218              		.loc 1 95 5 is_stmt 1 view .LVU63
 219 0064 2246     		mov	r2, r4
 220 0066 2146     		mov	r1, r4
 221 0068 1320     		movs	r0, #19
 222 006a FFF7FEFF 		bl	HAL_NVIC_SetPriority
 223              	.LVL9:
  96:Core/Src/can.c ****     HAL_NVIC_SetPriority(CAN1_RX0_IRQn, 0, 0);
 224              		.loc 1 96 5 view .LVU64
 225 006e 1320     		movs	r0, #19
 226 0070 FFF7FEFF 		bl	HAL_NVIC_EnableIRQ
 227              	.LVL10:
  97:Core/Src/can.c ****     HAL_NVIC_EnableIRQ(CAN1_RX0_IRQn);
 228              		.loc 1 97 5 view .LVU65
 229 0074 2246     		mov	r2, r4
 230 0076 2146     		mov	r1, r4
 231 0078 1420     		movs	r0, #20
 232 007a FFF7FEFF 		bl	HAL_NVIC_SetPriority
 233              	.LVL11:
  98:Core/Src/can.c ****     HAL_NVIC_SetPriority(CAN1_RX1_IRQn, 0, 0);
 234              		.loc 1 98 5 view .LVU66
 235 007e 1420     		movs	r0, #20
 236 0080 FFF7FEFF 		bl	HAL_NVIC_EnableIRQ
 237              	.LVL12:
  99:Core/Src/can.c ****     HAL_NVIC_EnableIRQ(CAN1_RX1_IRQn);
 238              		.loc 1 99 5 view .LVU67
 239 0084 2246     		mov	r2, r4
 240 0086 2146     		mov	r1, r4
 241 0088 1520     		movs	r0, #21
 242 008a FFF7FEFF 		bl	HAL_NVIC_SetPriority
 243              	.LVL13:
 100:Core/Src/can.c ****     HAL_NVIC_SetPriority(CAN1_SCE_IRQn, 0, 0);
 244              		.loc 1 100 5 view .LVU68
 245 008e 1520     		movs	r0, #21
 246 0090 FFF7FEFF 		bl	HAL_NVIC_EnableIRQ
 247              	.LVL14:
 101:Core/Src/can.c ****     HAL_NVIC_EnableIRQ(CAN1_SCE_IRQn);
 248              		.loc 1 101 5 view .LVU69
 249 0094 2246     		mov	r2, r4
 250 0096 2146     		mov	r1, r4
 251 0098 1620     		movs	r0, #22
 252 009a FFF7FEFF 		bl	HAL_NVIC_SetPriority
 253              	.LVL15:
 102:Core/Src/can.c ****   /* USER CODE BEGIN CAN1_MspInit 1 */
 254              		.loc 1 102 5 view .LVU70
 255 009e 1620     		movs	r0, #22
 256 00a0 FFF7FEFF 		bl	HAL_NVIC_EnableIRQ
 257              	.LVL16:
 258              		.loc 1 107 1 is_stmt 0 view .LVU71
 259 00a4 B8E7     		b	.L7
 260              	.L12:
 261 00a6 00BF     		.align	2
 262              	.L11:
 263 00a8 00640040 		.word	1073767424
ARM GAS  /tmp/ccJ6GQ9l.s 			page 8


 264 00ac 00000240 		.word	1073872896
 265              		.cfi_endproc
 266              	.LFE135:
 268              		.section	.text.HAL_CAN_MspDeInit,"ax",%progbits
 269              		.align	1
 270              		.global	HAL_CAN_MspDeInit
 271              		.syntax unified
 272              		.thumb
 273              		.thumb_func
 274              		.fpu fpv4-sp-d16
 276              	HAL_CAN_MspDeInit:
 277              	.LVL17:
 278              	.LFB136:
 108:Core/Src/can.c **** 
 109:Core/Src/can.c **** void HAL_CAN_MspDeInit(CAN_HandleTypeDef* canHandle)
 110:Core/Src/can.c **** {
 279              		.loc 1 110 1 is_stmt 1 view -0
 280              		.cfi_startproc
 281              		@ args = 0, pretend = 0, frame = 0
 282              		@ frame_needed = 0, uses_anonymous_args = 0
 283              		.loc 1 110 1 is_stmt 0 view .LVU73
 284 0000 08B5     		push	{r3, lr}
 285              		.cfi_def_cfa_offset 8
 286              		.cfi_offset 3, -8
 287              		.cfi_offset 14, -4
 111:Core/Src/can.c **** 
 112:Core/Src/can.c ****   if(canHandle->Instance==CAN1)
 288              		.loc 1 112 3 is_stmt 1 view .LVU74
 289              		.loc 1 112 15 is_stmt 0 view .LVU75
 290 0002 0268     		ldr	r2, [r0]
 291              		.loc 1 112 5 view .LVU76
 292 0004 0D4B     		ldr	r3, .L17
 293 0006 9A42     		cmp	r2, r3
 294 0008 00D0     		beq	.L16
 295              	.LVL18:
 296              	.L13:
 113:Core/Src/can.c ****   {
 114:Core/Src/can.c ****   /* USER CODE BEGIN CAN1_MspDeInit 0 */
 115:Core/Src/can.c **** 
 116:Core/Src/can.c ****   /* USER CODE END CAN1_MspDeInit 0 */
 117:Core/Src/can.c ****     /* Peripheral clock disable */
 118:Core/Src/can.c ****     __HAL_RCC_CAN1_CLK_DISABLE();
 119:Core/Src/can.c **** 
 120:Core/Src/can.c ****     /**CAN1 GPIO Configuration
 121:Core/Src/can.c ****     PA11     ------> CAN1_RX
 122:Core/Src/can.c ****     PA12     ------> CAN1_TX
 123:Core/Src/can.c ****     */
 124:Core/Src/can.c ****     HAL_GPIO_DeInit(GPIOA, GPIO_PIN_11|GPIO_PIN_12);
 125:Core/Src/can.c **** 
 126:Core/Src/can.c ****     /* CAN1 interrupt Deinit */
 127:Core/Src/can.c ****     HAL_NVIC_DisableIRQ(CAN1_TX_IRQn);
 128:Core/Src/can.c ****     HAL_NVIC_DisableIRQ(CAN1_RX0_IRQn);
 129:Core/Src/can.c ****     HAL_NVIC_DisableIRQ(CAN1_RX1_IRQn);
 130:Core/Src/can.c ****     HAL_NVIC_DisableIRQ(CAN1_SCE_IRQn);
 131:Core/Src/can.c ****   /* USER CODE BEGIN CAN1_MspDeInit 1 */
 132:Core/Src/can.c **** 
 133:Core/Src/can.c ****   /* USER CODE END CAN1_MspDeInit 1 */
ARM GAS  /tmp/ccJ6GQ9l.s 			page 9


 134:Core/Src/can.c ****   }
 135:Core/Src/can.c **** }
 297              		.loc 1 135 1 view .LVU77
 298 000a 08BD     		pop	{r3, pc}
 299              	.LVL19:
 300              	.L16:
 118:Core/Src/can.c **** 
 301              		.loc 1 118 5 is_stmt 1 view .LVU78
 302 000c 0C4A     		ldr	r2, .L17+4
 303 000e 136C     		ldr	r3, [r2, #64]
 304 0010 23F00073 		bic	r3, r3, #33554432
 305 0014 1364     		str	r3, [r2, #64]
 124:Core/Src/can.c **** 
 306              		.loc 1 124 5 view .LVU79
 307 0016 4FF4C051 		mov	r1, #6144
 308 001a 0A48     		ldr	r0, .L17+8
 309              	.LVL20:
 124:Core/Src/can.c **** 
 310              		.loc 1 124 5 is_stmt 0 view .LVU80
 311 001c FFF7FEFF 		bl	HAL_GPIO_DeInit
 312              	.LVL21:
 127:Core/Src/can.c ****     HAL_NVIC_DisableIRQ(CAN1_RX0_IRQn);
 313              		.loc 1 127 5 is_stmt 1 view .LVU81
 314 0020 1320     		movs	r0, #19
 315 0022 FFF7FEFF 		bl	HAL_NVIC_DisableIRQ
 316              	.LVL22:
 128:Core/Src/can.c ****     HAL_NVIC_DisableIRQ(CAN1_RX1_IRQn);
 317              		.loc 1 128 5 view .LVU82
 318 0026 1420     		movs	r0, #20
 319 0028 FFF7FEFF 		bl	HAL_NVIC_DisableIRQ
 320              	.LVL23:
 129:Core/Src/can.c ****     HAL_NVIC_DisableIRQ(CAN1_SCE_IRQn);
 321              		.loc 1 129 5 view .LVU83
 322 002c 1520     		movs	r0, #21
 323 002e FFF7FEFF 		bl	HAL_NVIC_DisableIRQ
 324              	.LVL24:
 130:Core/Src/can.c ****   /* USER CODE BEGIN CAN1_MspDeInit 1 */
 325              		.loc 1 130 5 view .LVU84
 326 0032 1620     		movs	r0, #22
 327 0034 FFF7FEFF 		bl	HAL_NVIC_DisableIRQ
 328              	.LVL25:
 329              		.loc 1 135 1 is_stmt 0 view .LVU85
 330 0038 E7E7     		b	.L13
 331              	.L18:
 332 003a 00BF     		.align	2
 333              	.L17:
 334 003c 00640040 		.word	1073767424
 335 0040 00380240 		.word	1073887232
 336 0044 00000240 		.word	1073872896
 337              		.cfi_endproc
 338              	.LFE136:
 340              		.global	hcan1
 341              		.section	.bss.hcan1,"aw",%nobits
 342              		.align	2
 343              		.set	.LANCHOR0,. + 0
 346              	hcan1:
 347 0000 00000000 		.space	40
ARM GAS  /tmp/ccJ6GQ9l.s 			page 10


 347      00000000 
 347      00000000 
 347      00000000 
 347      00000000 
 348              		.text
 349              	.Letext0:
 350              		.file 2 "/usr/lib/gcc/arm-none-eabi/10.3.1/include/stdint.h"
 351              		.file 3 "Drivers/CMSIS/Device/ST/STM32F4xx/Include/stm32f446xx.h"
 352              		.file 4 "Drivers/CMSIS/Device/ST/STM32F4xx/Include/stm32f4xx.h"
 353              		.file 5 "Drivers/STM32F4xx_HAL_Driver/Inc/stm32f4xx_hal_def.h"
 354              		.file 6 "Drivers/STM32F4xx_HAL_Driver/Inc/stm32f4xx_hal_gpio.h"
 355              		.file 7 "Drivers/STM32F4xx_HAL_Driver/Inc/stm32f4xx_hal_can.h"
 356              		.file 8 "Drivers/STM32F4xx_HAL_Driver/Inc/stm32f4xx_hal_cortex.h"
 357              		.file 9 "Core/Inc/main.h"
 358              		.file 10 "Core/Inc/can.h"
ARM GAS  /tmp/ccJ6GQ9l.s 			page 11


DEFINED SYMBOLS
                            *ABS*:0000000000000000 can.c
     /tmp/ccJ6GQ9l.s:18     .text.MX_CAN1_Init:0000000000000000 $t
     /tmp/ccJ6GQ9l.s:26     .text.MX_CAN1_Init:0000000000000000 MX_CAN1_Init
     /tmp/ccJ6GQ9l.s:107    .text.MX_CAN1_Init:0000000000000050 $d
     /tmp/ccJ6GQ9l.s:113    .text.HAL_CAN_MspInit:0000000000000000 $t
     /tmp/ccJ6GQ9l.s:120    .text.HAL_CAN_MspInit:0000000000000000 HAL_CAN_MspInit
     /tmp/ccJ6GQ9l.s:263    .text.HAL_CAN_MspInit:00000000000000a8 $d
     /tmp/ccJ6GQ9l.s:269    .text.HAL_CAN_MspDeInit:0000000000000000 $t
     /tmp/ccJ6GQ9l.s:276    .text.HAL_CAN_MspDeInit:0000000000000000 HAL_CAN_MspDeInit
     /tmp/ccJ6GQ9l.s:334    .text.HAL_CAN_MspDeInit:000000000000003c $d
     /tmp/ccJ6GQ9l.s:346    .bss.hcan1:0000000000000000 hcan1
     /tmp/ccJ6GQ9l.s:342    .bss.hcan1:0000000000000000 $d

UNDEFINED SYMBOLS
HAL_CAN_Init
HAL_CAN_ActivateNotification
HAL_CAN_Start
Error_Handler
HAL_GPIO_Init
HAL_NVIC_SetPriority
HAL_NVIC_EnableIRQ
HAL_GPIO_DeInit
HAL_NVIC_DisableIRQ
