ARM GAS  /tmp/ccyWcnNR.s 			page 1


   1              		.cpu cortex-m4
   2              		.eabi_attribute 27, 1
   3              		.eabi_attribute 28, 1
   4              		.eabi_attribute 20, 1
   5              		.eabi_attribute 21, 1
   6              		.eabi_attribute 23, 3
   7              		.eabi_attribute 24, 1
   8              		.eabi_attribute 25, 1
   9              		.eabi_attribute 26, 1
  10              		.eabi_attribute 30, 1
  11              		.eabi_attribute 34, 1
  12              		.eabi_attribute 18, 4
  13              		.file	"can.c"
  14              		.text
  15              	.Ltext0:
  16              		.cfi_sections	.debug_frame
  17              		.section	.text.MX_CAN1_Init,"ax",%progbits
  18              		.align	1
  19              		.global	MX_CAN1_Init
  20              		.arch armv7e-m
  21              		.syntax unified
  22              		.thumb
  23              		.thumb_func
  24              		.fpu fpv4-sp-d16
  26              	MX_CAN1_Init:
  27              	.LFB134:
  28              		.file 1 "Core/Src/can.c"
   1:Core/Src/can.c **** /* USER CODE BEGIN Header */
   2:Core/Src/can.c **** /**
   3:Core/Src/can.c ****   ******************************************************************************
   4:Core/Src/can.c ****   * @file    can.c
   5:Core/Src/can.c ****   * @brief   This file provides code for the configuration
   6:Core/Src/can.c ****   *          of the CAN instances.
   7:Core/Src/can.c ****   ******************************************************************************
   8:Core/Src/can.c ****   * @attention
   9:Core/Src/can.c ****   *
  10:Core/Src/can.c ****   * Copyright (c) 2024 STMicroelectronics.
  11:Core/Src/can.c ****   * All rights reserved.
  12:Core/Src/can.c ****   *
  13:Core/Src/can.c ****   * This software is licensed under terms that can be found in the LICENSE file
  14:Core/Src/can.c ****   * in the root directory of this software component.
  15:Core/Src/can.c ****   * If no LICENSE file comes with this software, it is provided AS-IS.
  16:Core/Src/can.c ****   *
  17:Core/Src/can.c ****   ******************************************************************************
  18:Core/Src/can.c ****   */
  19:Core/Src/can.c **** /* USER CODE END Header */
  20:Core/Src/can.c **** /* Includes ------------------------------------------------------------------*/
  21:Core/Src/can.c **** #include "can.h"
  22:Core/Src/can.c **** 
  23:Core/Src/can.c **** /* USER CODE BEGIN 0 */
  24:Core/Src/can.c **** 
  25:Core/Src/can.c **** /* USER CODE END 0 */
  26:Core/Src/can.c **** 
  27:Core/Src/can.c **** CAN_HandleTypeDef hcan1;
  28:Core/Src/can.c **** 
  29:Core/Src/can.c **** /* CAN1 init function */
  30:Core/Src/can.c **** void MX_CAN1_Init(void)
ARM GAS  /tmp/ccyWcnNR.s 			page 2


  31:Core/Src/can.c **** {
  29              		.loc 1 31 1 view -0
  30              		.cfi_startproc
  31              		@ args = 0, pretend = 0, frame = 0
  32              		@ frame_needed = 0, uses_anonymous_args = 0
  33 0000 08B5     		push	{r3, lr}
  34              	.LCFI0:
  35              		.cfi_def_cfa_offset 8
  36              		.cfi_offset 3, -8
  37              		.cfi_offset 14, -4
  32:Core/Src/can.c **** 
  33:Core/Src/can.c ****   /* USER CODE BEGIN CAN1_Init 0 */
  34:Core/Src/can.c **** 
  35:Core/Src/can.c ****   /* USER CODE END CAN1_Init 0 */
  36:Core/Src/can.c **** 
  37:Core/Src/can.c ****   /* USER CODE BEGIN CAN1_Init 1 */
  38:Core/Src/can.c **** 
  39:Core/Src/can.c ****   /* USER CODE END CAN1_Init 1 */
  40:Core/Src/can.c ****   hcan1.Instance = CAN1;
  38              		.loc 1 40 3 view .LVU1
  39              		.loc 1 40 18 is_stmt 0 view .LVU2
  40 0002 0E48     		ldr	r0, .L5
  41 0004 0E4B     		ldr	r3, .L5+4
  42 0006 0360     		str	r3, [r0]
  41:Core/Src/can.c ****   hcan1.Init.Prescaler = 3;
  43              		.loc 1 41 3 is_stmt 1 view .LVU3
  44              		.loc 1 41 24 is_stmt 0 view .LVU4
  45 0008 0323     		movs	r3, #3
  46 000a 4360     		str	r3, [r0, #4]
  42:Core/Src/can.c ****   hcan1.Init.Mode = CAN_MODE_LOOPBACK;
  47              		.loc 1 42 3 is_stmt 1 view .LVU5
  48              		.loc 1 42 19 is_stmt 0 view .LVU6
  49 000c 4FF08043 		mov	r3, #1073741824
  50 0010 8360     		str	r3, [r0, #8]
  43:Core/Src/can.c ****   hcan1.Init.SyncJumpWidth = CAN_SJW_1TQ;
  51              		.loc 1 43 3 is_stmt 1 view .LVU7
  52              		.loc 1 43 28 is_stmt 0 view .LVU8
  53 0012 0023     		movs	r3, #0
  54 0014 C360     		str	r3, [r0, #12]
  44:Core/Src/can.c ****   hcan1.Init.TimeSeg1 = CAN_BS1_12TQ;
  55              		.loc 1 44 3 is_stmt 1 view .LVU9
  56              		.loc 1 44 23 is_stmt 0 view .LVU10
  57 0016 4FF43022 		mov	r2, #720896
  58 001a 0261     		str	r2, [r0, #16]
  45:Core/Src/can.c ****   hcan1.Init.TimeSeg2 = CAN_BS2_2TQ;
  59              		.loc 1 45 3 is_stmt 1 view .LVU11
  60              		.loc 1 45 23 is_stmt 0 view .LVU12
  61 001c 4FF48012 		mov	r2, #1048576
  62 0020 4261     		str	r2, [r0, #20]
  46:Core/Src/can.c ****   hcan1.Init.TimeTriggeredMode = DISABLE;
  63              		.loc 1 46 3 is_stmt 1 view .LVU13
  64              		.loc 1 46 32 is_stmt 0 view .LVU14
  65 0022 0376     		strb	r3, [r0, #24]
  47:Core/Src/can.c ****   hcan1.Init.AutoBusOff = DISABLE;
  66              		.loc 1 47 3 is_stmt 1 view .LVU15
  67              		.loc 1 47 25 is_stmt 0 view .LVU16
  68 0024 4376     		strb	r3, [r0, #25]
ARM GAS  /tmp/ccyWcnNR.s 			page 3


  48:Core/Src/can.c ****   hcan1.Init.AutoWakeUp = DISABLE;
  69              		.loc 1 48 3 is_stmt 1 view .LVU17
  70              		.loc 1 48 25 is_stmt 0 view .LVU18
  71 0026 8376     		strb	r3, [r0, #26]
  49:Core/Src/can.c ****   hcan1.Init.AutoRetransmission = DISABLE;
  72              		.loc 1 49 3 is_stmt 1 view .LVU19
  73              		.loc 1 49 33 is_stmt 0 view .LVU20
  74 0028 C376     		strb	r3, [r0, #27]
  50:Core/Src/can.c ****   hcan1.Init.ReceiveFifoLocked = DISABLE;
  75              		.loc 1 50 3 is_stmt 1 view .LVU21
  76              		.loc 1 50 32 is_stmt 0 view .LVU22
  77 002a 0377     		strb	r3, [r0, #28]
  51:Core/Src/can.c ****   hcan1.Init.TransmitFifoPriority = DISABLE;
  78              		.loc 1 51 3 is_stmt 1 view .LVU23
  79              		.loc 1 51 35 is_stmt 0 view .LVU24
  80 002c 4377     		strb	r3, [r0, #29]
  52:Core/Src/can.c ****   if (HAL_CAN_Init(&hcan1) != HAL_OK)
  81              		.loc 1 52 3 is_stmt 1 view .LVU25
  82              		.loc 1 52 7 is_stmt 0 view .LVU26
  83 002e FFF7FEFF 		bl	HAL_CAN_Init
  84              	.LVL0:
  85              		.loc 1 52 6 view .LVU27
  86 0032 00B9     		cbnz	r0, .L4
  87              	.L1:
  53:Core/Src/can.c ****   {
  54:Core/Src/can.c ****     Error_Handler();
  55:Core/Src/can.c ****   }
  56:Core/Src/can.c ****   /* USER CODE BEGIN CAN1_Init 2 */
  57:Core/Src/can.c **** 
  58:Core/Src/can.c ****   /* USER CODE END CAN1_Init 2 */
  59:Core/Src/can.c **** 
  60:Core/Src/can.c **** }
  88              		.loc 1 60 1 view .LVU28
  89 0034 08BD     		pop	{r3, pc}
  90              	.L4:
  54:Core/Src/can.c ****   }
  91              		.loc 1 54 5 is_stmt 1 view .LVU29
  92 0036 FFF7FEFF 		bl	Error_Handler
  93              	.LVL1:
  94              		.loc 1 60 1 is_stmt 0 view .LVU30
  95 003a FBE7     		b	.L1
  96              	.L6:
  97              		.align	2
  98              	.L5:
  99 003c 00000000 		.word	.LANCHOR0
 100 0040 00640040 		.word	1073767424
 101              		.cfi_endproc
 102              	.LFE134:
 104              		.section	.text.HAL_CAN_MspInit,"ax",%progbits
 105              		.align	1
 106              		.global	HAL_CAN_MspInit
 107              		.syntax unified
 108              		.thumb
 109              		.thumb_func
 110              		.fpu fpv4-sp-d16
 112              	HAL_CAN_MspInit:
 113              	.LVL2:
ARM GAS  /tmp/ccyWcnNR.s 			page 4


 114              	.LFB135:
  61:Core/Src/can.c **** 
  62:Core/Src/can.c **** void HAL_CAN_MspInit(CAN_HandleTypeDef* canHandle)
  63:Core/Src/can.c **** {
 115              		.loc 1 63 1 is_stmt 1 view -0
 116              		.cfi_startproc
 117              		@ args = 0, pretend = 0, frame = 32
 118              		@ frame_needed = 0, uses_anonymous_args = 0
 119              		.loc 1 63 1 is_stmt 0 view .LVU32
 120 0000 10B5     		push	{r4, lr}
 121              	.LCFI1:
 122              		.cfi_def_cfa_offset 8
 123              		.cfi_offset 4, -8
 124              		.cfi_offset 14, -4
 125 0002 88B0     		sub	sp, sp, #32
 126              	.LCFI2:
 127              		.cfi_def_cfa_offset 40
  64:Core/Src/can.c **** 
  65:Core/Src/can.c ****   GPIO_InitTypeDef GPIO_InitStruct = {0};
 128              		.loc 1 65 3 is_stmt 1 view .LVU33
 129              		.loc 1 65 20 is_stmt 0 view .LVU34
 130 0004 0023     		movs	r3, #0
 131 0006 0393     		str	r3, [sp, #12]
 132 0008 0493     		str	r3, [sp, #16]
 133 000a 0593     		str	r3, [sp, #20]
 134 000c 0693     		str	r3, [sp, #24]
 135 000e 0793     		str	r3, [sp, #28]
  66:Core/Src/can.c ****   if(canHandle->Instance==CAN1)
 136              		.loc 1 66 3 is_stmt 1 view .LVU35
 137              		.loc 1 66 15 is_stmt 0 view .LVU36
 138 0010 0268     		ldr	r2, [r0]
 139              		.loc 1 66 5 view .LVU37
 140 0012 254B     		ldr	r3, .L11
 141 0014 9A42     		cmp	r2, r3
 142 0016 01D0     		beq	.L10
 143              	.LVL3:
 144              	.L7:
  67:Core/Src/can.c ****   {
  68:Core/Src/can.c ****   /* USER CODE BEGIN CAN1_MspInit 0 */
  69:Core/Src/can.c **** 
  70:Core/Src/can.c ****   /* USER CODE END CAN1_MspInit 0 */
  71:Core/Src/can.c ****     /* CAN1 clock enable */
  72:Core/Src/can.c ****     __HAL_RCC_CAN1_CLK_ENABLE();
  73:Core/Src/can.c **** 
  74:Core/Src/can.c ****     __HAL_RCC_GPIOA_CLK_ENABLE();
  75:Core/Src/can.c ****     /**CAN1 GPIO Configuration
  76:Core/Src/can.c ****     PA11     ------> CAN1_RX
  77:Core/Src/can.c ****     PA12     ------> CAN1_TX
  78:Core/Src/can.c ****     */
  79:Core/Src/can.c ****     GPIO_InitStruct.Pin = GPIO_PIN_11|GPIO_PIN_12;
  80:Core/Src/can.c ****     GPIO_InitStruct.Mode = GPIO_MODE_AF_PP;
  81:Core/Src/can.c ****     GPIO_InitStruct.Pull = GPIO_NOPULL;
  82:Core/Src/can.c ****     GPIO_InitStruct.Speed = GPIO_SPEED_FREQ_VERY_HIGH;
  83:Core/Src/can.c ****     GPIO_InitStruct.Alternate = GPIO_AF9_CAN1;
  84:Core/Src/can.c ****     HAL_GPIO_Init(GPIOA, &GPIO_InitStruct);
  85:Core/Src/can.c **** 
  86:Core/Src/can.c ****     /* CAN1 interrupt Init */
ARM GAS  /tmp/ccyWcnNR.s 			page 5


  87:Core/Src/can.c ****     HAL_NVIC_SetPriority(CAN1_TX_IRQn, 0, 0);
  88:Core/Src/can.c ****     HAL_NVIC_EnableIRQ(CAN1_TX_IRQn);
  89:Core/Src/can.c ****     HAL_NVIC_SetPriority(CAN1_RX0_IRQn, 0, 0);
  90:Core/Src/can.c ****     HAL_NVIC_EnableIRQ(CAN1_RX0_IRQn);
  91:Core/Src/can.c ****     HAL_NVIC_SetPriority(CAN1_RX1_IRQn, 0, 0);
  92:Core/Src/can.c ****     HAL_NVIC_EnableIRQ(CAN1_RX1_IRQn);
  93:Core/Src/can.c ****     HAL_NVIC_SetPriority(CAN1_SCE_IRQn, 0, 0);
  94:Core/Src/can.c ****     HAL_NVIC_EnableIRQ(CAN1_SCE_IRQn);
  95:Core/Src/can.c ****   /* USER CODE BEGIN CAN1_MspInit 1 */
  96:Core/Src/can.c **** 
  97:Core/Src/can.c ****   /* USER CODE END CAN1_MspInit 1 */
  98:Core/Src/can.c ****   }
  99:Core/Src/can.c **** }
 145              		.loc 1 99 1 view .LVU38
 146 0018 08B0     		add	sp, sp, #32
 147              	.LCFI3:
 148              		.cfi_remember_state
 149              		.cfi_def_cfa_offset 8
 150              		@ sp needed
 151 001a 10BD     		pop	{r4, pc}
 152              	.LVL4:
 153              	.L10:
 154              	.LCFI4:
 155              		.cfi_restore_state
  72:Core/Src/can.c **** 
 156              		.loc 1 72 5 is_stmt 1 view .LVU39
 157              	.LBB2:
  72:Core/Src/can.c **** 
 158              		.loc 1 72 5 view .LVU40
 159 001c 0024     		movs	r4, #0
 160 001e 0194     		str	r4, [sp, #4]
  72:Core/Src/can.c **** 
 161              		.loc 1 72 5 view .LVU41
 162 0020 03F5EA33 		add	r3, r3, #119808
 163 0024 1A6C     		ldr	r2, [r3, #64]
 164 0026 42F00072 		orr	r2, r2, #33554432
 165 002a 1A64     		str	r2, [r3, #64]
  72:Core/Src/can.c **** 
 166              		.loc 1 72 5 view .LVU42
 167 002c 1A6C     		ldr	r2, [r3, #64]
 168 002e 02F00072 		and	r2, r2, #33554432
 169 0032 0192     		str	r2, [sp, #4]
  72:Core/Src/can.c **** 
 170              		.loc 1 72 5 view .LVU43
 171 0034 019A     		ldr	r2, [sp, #4]
 172              	.LBE2:
  72:Core/Src/can.c **** 
 173              		.loc 1 72 5 view .LVU44
  74:Core/Src/can.c ****     /**CAN1 GPIO Configuration
 174              		.loc 1 74 5 view .LVU45
 175              	.LBB3:
  74:Core/Src/can.c ****     /**CAN1 GPIO Configuration
 176              		.loc 1 74 5 view .LVU46
 177 0036 0294     		str	r4, [sp, #8]
  74:Core/Src/can.c ****     /**CAN1 GPIO Configuration
 178              		.loc 1 74 5 view .LVU47
 179 0038 1A6B     		ldr	r2, [r3, #48]
ARM GAS  /tmp/ccyWcnNR.s 			page 6


 180 003a 42F00102 		orr	r2, r2, #1
 181 003e 1A63     		str	r2, [r3, #48]
  74:Core/Src/can.c ****     /**CAN1 GPIO Configuration
 182              		.loc 1 74 5 view .LVU48
 183 0040 1B6B     		ldr	r3, [r3, #48]
 184 0042 03F00103 		and	r3, r3, #1
 185 0046 0293     		str	r3, [sp, #8]
  74:Core/Src/can.c ****     /**CAN1 GPIO Configuration
 186              		.loc 1 74 5 view .LVU49
 187 0048 029B     		ldr	r3, [sp, #8]
 188              	.LBE3:
  74:Core/Src/can.c ****     /**CAN1 GPIO Configuration
 189              		.loc 1 74 5 view .LVU50
  79:Core/Src/can.c ****     GPIO_InitStruct.Mode = GPIO_MODE_AF_PP;
 190              		.loc 1 79 5 view .LVU51
  79:Core/Src/can.c ****     GPIO_InitStruct.Mode = GPIO_MODE_AF_PP;
 191              		.loc 1 79 25 is_stmt 0 view .LVU52
 192 004a 4FF4C053 		mov	r3, #6144
 193 004e 0393     		str	r3, [sp, #12]
  80:Core/Src/can.c ****     GPIO_InitStruct.Pull = GPIO_NOPULL;
 194              		.loc 1 80 5 is_stmt 1 view .LVU53
  80:Core/Src/can.c ****     GPIO_InitStruct.Pull = GPIO_NOPULL;
 195              		.loc 1 80 26 is_stmt 0 view .LVU54
 196 0050 0223     		movs	r3, #2
 197 0052 0493     		str	r3, [sp, #16]
  81:Core/Src/can.c ****     GPIO_InitStruct.Speed = GPIO_SPEED_FREQ_VERY_HIGH;
 198              		.loc 1 81 5 is_stmt 1 view .LVU55
  82:Core/Src/can.c ****     GPIO_InitStruct.Alternate = GPIO_AF9_CAN1;
 199              		.loc 1 82 5 view .LVU56
  82:Core/Src/can.c ****     GPIO_InitStruct.Alternate = GPIO_AF9_CAN1;
 200              		.loc 1 82 27 is_stmt 0 view .LVU57
 201 0054 0323     		movs	r3, #3
 202 0056 0693     		str	r3, [sp, #24]
  83:Core/Src/can.c ****     HAL_GPIO_Init(GPIOA, &GPIO_InitStruct);
 203              		.loc 1 83 5 is_stmt 1 view .LVU58
  83:Core/Src/can.c ****     HAL_GPIO_Init(GPIOA, &GPIO_InitStruct);
 204              		.loc 1 83 31 is_stmt 0 view .LVU59
 205 0058 0923     		movs	r3, #9
 206 005a 0793     		str	r3, [sp, #28]
  84:Core/Src/can.c **** 
 207              		.loc 1 84 5 is_stmt 1 view .LVU60
 208 005c 03A9     		add	r1, sp, #12
 209 005e 1348     		ldr	r0, .L11+4
 210              	.LVL5:
  84:Core/Src/can.c **** 
 211              		.loc 1 84 5 is_stmt 0 view .LVU61
 212 0060 FFF7FEFF 		bl	HAL_GPIO_Init
 213              	.LVL6:
  87:Core/Src/can.c ****     HAL_NVIC_EnableIRQ(CAN1_TX_IRQn);
 214              		.loc 1 87 5 is_stmt 1 view .LVU62
 215 0064 2246     		mov	r2, r4
 216 0066 2146     		mov	r1, r4
 217 0068 1320     		movs	r0, #19
 218 006a FFF7FEFF 		bl	HAL_NVIC_SetPriority
 219              	.LVL7:
  88:Core/Src/can.c ****     HAL_NVIC_SetPriority(CAN1_RX0_IRQn, 0, 0);
 220              		.loc 1 88 5 view .LVU63
ARM GAS  /tmp/ccyWcnNR.s 			page 7


 221 006e 1320     		movs	r0, #19
 222 0070 FFF7FEFF 		bl	HAL_NVIC_EnableIRQ
 223              	.LVL8:
  89:Core/Src/can.c ****     HAL_NVIC_EnableIRQ(CAN1_RX0_IRQn);
 224              		.loc 1 89 5 view .LVU64
 225 0074 2246     		mov	r2, r4
 226 0076 2146     		mov	r1, r4
 227 0078 1420     		movs	r0, #20
 228 007a FFF7FEFF 		bl	HAL_NVIC_SetPriority
 229              	.LVL9:
  90:Core/Src/can.c ****     HAL_NVIC_SetPriority(CAN1_RX1_IRQn, 0, 0);
 230              		.loc 1 90 5 view .LVU65
 231 007e 1420     		movs	r0, #20
 232 0080 FFF7FEFF 		bl	HAL_NVIC_EnableIRQ
 233              	.LVL10:
  91:Core/Src/can.c ****     HAL_NVIC_EnableIRQ(CAN1_RX1_IRQn);
 234              		.loc 1 91 5 view .LVU66
 235 0084 2246     		mov	r2, r4
 236 0086 2146     		mov	r1, r4
 237 0088 1520     		movs	r0, #21
 238 008a FFF7FEFF 		bl	HAL_NVIC_SetPriority
 239              	.LVL11:
  92:Core/Src/can.c ****     HAL_NVIC_SetPriority(CAN1_SCE_IRQn, 0, 0);
 240              		.loc 1 92 5 view .LVU67
 241 008e 1520     		movs	r0, #21
 242 0090 FFF7FEFF 		bl	HAL_NVIC_EnableIRQ
 243              	.LVL12:
  93:Core/Src/can.c ****     HAL_NVIC_EnableIRQ(CAN1_SCE_IRQn);
 244              		.loc 1 93 5 view .LVU68
 245 0094 2246     		mov	r2, r4
 246 0096 2146     		mov	r1, r4
 247 0098 1620     		movs	r0, #22
 248 009a FFF7FEFF 		bl	HAL_NVIC_SetPriority
 249              	.LVL13:
  94:Core/Src/can.c ****   /* USER CODE BEGIN CAN1_MspInit 1 */
 250              		.loc 1 94 5 view .LVU69
 251 009e 1620     		movs	r0, #22
 252 00a0 FFF7FEFF 		bl	HAL_NVIC_EnableIRQ
 253              	.LVL14:
 254              		.loc 1 99 1 is_stmt 0 view .LVU70
 255 00a4 B8E7     		b	.L7
 256              	.L12:
 257 00a6 00BF     		.align	2
 258              	.L11:
 259 00a8 00640040 		.word	1073767424
 260 00ac 00000240 		.word	1073872896
 261              		.cfi_endproc
 262              	.LFE135:
 264              		.section	.text.HAL_CAN_MspDeInit,"ax",%progbits
 265              		.align	1
 266              		.global	HAL_CAN_MspDeInit
 267              		.syntax unified
 268              		.thumb
 269              		.thumb_func
 270              		.fpu fpv4-sp-d16
 272              	HAL_CAN_MspDeInit:
 273              	.LVL15:
ARM GAS  /tmp/ccyWcnNR.s 			page 8


 274              	.LFB136:
 100:Core/Src/can.c **** 
 101:Core/Src/can.c **** void HAL_CAN_MspDeInit(CAN_HandleTypeDef* canHandle)
 102:Core/Src/can.c **** {
 275              		.loc 1 102 1 is_stmt 1 view -0
 276              		.cfi_startproc
 277              		@ args = 0, pretend = 0, frame = 0
 278              		@ frame_needed = 0, uses_anonymous_args = 0
 279              		.loc 1 102 1 is_stmt 0 view .LVU72
 280 0000 08B5     		push	{r3, lr}
 281              	.LCFI5:
 282              		.cfi_def_cfa_offset 8
 283              		.cfi_offset 3, -8
 284              		.cfi_offset 14, -4
 103:Core/Src/can.c **** 
 104:Core/Src/can.c ****   if(canHandle->Instance==CAN1)
 285              		.loc 1 104 3 is_stmt 1 view .LVU73
 286              		.loc 1 104 15 is_stmt 0 view .LVU74
 287 0002 0268     		ldr	r2, [r0]
 288              		.loc 1 104 5 view .LVU75
 289 0004 0D4B     		ldr	r3, .L17
 290 0006 9A42     		cmp	r2, r3
 291 0008 00D0     		beq	.L16
 292              	.LVL16:
 293              	.L13:
 105:Core/Src/can.c ****   {
 106:Core/Src/can.c ****   /* USER CODE BEGIN CAN1_MspDeInit 0 */
 107:Core/Src/can.c **** 
 108:Core/Src/can.c ****   /* USER CODE END CAN1_MspDeInit 0 */
 109:Core/Src/can.c ****     /* Peripheral clock disable */
 110:Core/Src/can.c ****     __HAL_RCC_CAN1_CLK_DISABLE();
 111:Core/Src/can.c **** 
 112:Core/Src/can.c ****     /**CAN1 GPIO Configuration
 113:Core/Src/can.c ****     PA11     ------> CAN1_RX
 114:Core/Src/can.c ****     PA12     ------> CAN1_TX
 115:Core/Src/can.c ****     */
 116:Core/Src/can.c ****     HAL_GPIO_DeInit(GPIOA, GPIO_PIN_11|GPIO_PIN_12);
 117:Core/Src/can.c **** 
 118:Core/Src/can.c ****     /* CAN1 interrupt Deinit */
 119:Core/Src/can.c ****     HAL_NVIC_DisableIRQ(CAN1_TX_IRQn);
 120:Core/Src/can.c ****     HAL_NVIC_DisableIRQ(CAN1_RX0_IRQn);
 121:Core/Src/can.c ****     HAL_NVIC_DisableIRQ(CAN1_RX1_IRQn);
 122:Core/Src/can.c ****     HAL_NVIC_DisableIRQ(CAN1_SCE_IRQn);
 123:Core/Src/can.c ****   /* USER CODE BEGIN CAN1_MspDeInit 1 */
 124:Core/Src/can.c **** 
 125:Core/Src/can.c ****   /* USER CODE END CAN1_MspDeInit 1 */
 126:Core/Src/can.c ****   }
 127:Core/Src/can.c **** }
 294              		.loc 1 127 1 view .LVU76
 295 000a 08BD     		pop	{r3, pc}
 296              	.LVL17:
 297              	.L16:
 110:Core/Src/can.c **** 
 298              		.loc 1 110 5 is_stmt 1 view .LVU77
 299 000c 0C4A     		ldr	r2, .L17+4
 300 000e 136C     		ldr	r3, [r2, #64]
 301 0010 23F00073 		bic	r3, r3, #33554432
ARM GAS  /tmp/ccyWcnNR.s 			page 9


 302 0014 1364     		str	r3, [r2, #64]
 116:Core/Src/can.c **** 
 303              		.loc 1 116 5 view .LVU78
 304 0016 4FF4C051 		mov	r1, #6144
 305 001a 0A48     		ldr	r0, .L17+8
 306              	.LVL18:
 116:Core/Src/can.c **** 
 307              		.loc 1 116 5 is_stmt 0 view .LVU79
 308 001c FFF7FEFF 		bl	HAL_GPIO_DeInit
 309              	.LVL19:
 119:Core/Src/can.c ****     HAL_NVIC_DisableIRQ(CAN1_RX0_IRQn);
 310              		.loc 1 119 5 is_stmt 1 view .LVU80
 311 0020 1320     		movs	r0, #19
 312 0022 FFF7FEFF 		bl	HAL_NVIC_DisableIRQ
 313              	.LVL20:
 120:Core/Src/can.c ****     HAL_NVIC_DisableIRQ(CAN1_RX1_IRQn);
 314              		.loc 1 120 5 view .LVU81
 315 0026 1420     		movs	r0, #20
 316 0028 FFF7FEFF 		bl	HAL_NVIC_DisableIRQ
 317              	.LVL21:
 121:Core/Src/can.c ****     HAL_NVIC_DisableIRQ(CAN1_SCE_IRQn);
 318              		.loc 1 121 5 view .LVU82
 319 002c 1520     		movs	r0, #21
 320 002e FFF7FEFF 		bl	HAL_NVIC_DisableIRQ
 321              	.LVL22:
 122:Core/Src/can.c ****   /* USER CODE BEGIN CAN1_MspDeInit 1 */
 322              		.loc 1 122 5 view .LVU83
 323 0032 1620     		movs	r0, #22
 324 0034 FFF7FEFF 		bl	HAL_NVIC_DisableIRQ
 325              	.LVL23:
 326              		.loc 1 127 1 is_stmt 0 view .LVU84
 327 0038 E7E7     		b	.L13
 328              	.L18:
 329 003a 00BF     		.align	2
 330              	.L17:
 331 003c 00640040 		.word	1073767424
 332 0040 00380240 		.word	1073887232
 333 0044 00000240 		.word	1073872896
 334              		.cfi_endproc
 335              	.LFE136:
 337              		.global	hcan1
 338              		.section	.bss.hcan1,"aw",%nobits
 339              		.align	2
 340              		.set	.LANCHOR0,. + 0
 343              	hcan1:
 344 0000 00000000 		.space	40
 344      00000000 
 344      00000000 
 344      00000000 
 344      00000000 
 345              		.text
 346              	.Letext0:
 347              		.file 2 "/usr/lib/gcc/arm-none-eabi/10.3.1/include/stdint.h"
 348              		.file 3 "Drivers/CMSIS/Device/ST/STM32F4xx/Include/stm32f446xx.h"
 349              		.file 4 "Drivers/CMSIS/Device/ST/STM32F4xx/Include/stm32f4xx.h"
 350              		.file 5 "Drivers/STM32F4xx_HAL_Driver/Inc/stm32f4xx_hal_def.h"
 351              		.file 6 "Drivers/STM32F4xx_HAL_Driver/Inc/stm32f4xx_hal_gpio.h"
ARM GAS  /tmp/ccyWcnNR.s 			page 10


 352              		.file 7 "Drivers/STM32F4xx_HAL_Driver/Inc/stm32f4xx_hal_can.h"
 353              		.file 8 "Drivers/STM32F4xx_HAL_Driver/Inc/stm32f4xx_hal_cortex.h"
 354              		.file 9 "Core/Inc/main.h"
 355              		.file 10 "Core/Inc/can.h"
ARM GAS  /tmp/ccyWcnNR.s 			page 11


DEFINED SYMBOLS
                            *ABS*:0000000000000000 can.c
     /tmp/ccyWcnNR.s:18     .text.MX_CAN1_Init:0000000000000000 $t
     /tmp/ccyWcnNR.s:26     .text.MX_CAN1_Init:0000000000000000 MX_CAN1_Init
     /tmp/ccyWcnNR.s:99     .text.MX_CAN1_Init:000000000000003c $d
     /tmp/ccyWcnNR.s:105    .text.HAL_CAN_MspInit:0000000000000000 $t
     /tmp/ccyWcnNR.s:112    .text.HAL_CAN_MspInit:0000000000000000 HAL_CAN_MspInit
     /tmp/ccyWcnNR.s:259    .text.HAL_CAN_MspInit:00000000000000a8 $d
     /tmp/ccyWcnNR.s:265    .text.HAL_CAN_MspDeInit:0000000000000000 $t
     /tmp/ccyWcnNR.s:272    .text.HAL_CAN_MspDeInit:0000000000000000 HAL_CAN_MspDeInit
     /tmp/ccyWcnNR.s:331    .text.HAL_CAN_MspDeInit:000000000000003c $d
     /tmp/ccyWcnNR.s:343    .bss.hcan1:0000000000000000 hcan1
     /tmp/ccyWcnNR.s:339    .bss.hcan1:0000000000000000 $d

UNDEFINED SYMBOLS
HAL_CAN_Init
Error_Handler
HAL_GPIO_Init
HAL_NVIC_SetPriority
HAL_NVIC_EnableIRQ
HAL_GPIO_DeInit
HAL_NVIC_DisableIRQ
