ARM GAS  /tmp/cclL6BjM.s 			page 1


   1              		.cpu cortex-m4
   2              		.eabi_attribute 27, 1
   3              		.eabi_attribute 28, 1
   4              		.eabi_attribute 20, 1
   5              		.eabi_attribute 21, 1
   6              		.eabi_attribute 23, 3
   7              		.eabi_attribute 24, 1
   8              		.eabi_attribute 25, 1
   9              		.eabi_attribute 26, 1
  10              		.eabi_attribute 30, 1
  11              		.eabi_attribute 34, 1
  12              		.eabi_attribute 18, 4
  13              		.file	"tim.c"
  14              		.text
  15              	.Ltext0:
  16              		.cfi_sections	.debug_frame
  17              		.section	.text.MX_TIM2_Init,"ax",%progbits
  18              		.align	1
  19              		.global	MX_TIM2_Init
  20              		.arch armv7e-m
  21              		.syntax unified
  22              		.thumb
  23              		.thumb_func
  24              		.fpu fpv4-sp-d16
  26              	MX_TIM2_Init:
  27              	.LFB134:
  28              		.file 1 "Core/Src/tim.c"
   1:Core/Src/tim.c **** /* USER CODE BEGIN Header */
   2:Core/Src/tim.c **** /**
   3:Core/Src/tim.c ****   ******************************************************************************
   4:Core/Src/tim.c ****   * @file    tim.c
   5:Core/Src/tim.c ****   * @brief   This file provides code for the configuration
   6:Core/Src/tim.c ****   *          of the TIM instances.
   7:Core/Src/tim.c ****   ******************************************************************************
   8:Core/Src/tim.c ****   * @attention
   9:Core/Src/tim.c ****   *
  10:Core/Src/tim.c ****   * Copyright (c) 2024 STMicroelectronics.
  11:Core/Src/tim.c ****   * All rights reserved.
  12:Core/Src/tim.c ****   *
  13:Core/Src/tim.c ****   * This software is licensed under terms that can be found in the LICENSE file
  14:Core/Src/tim.c ****   * in the root directory of this software component.
  15:Core/Src/tim.c ****   * If no LICENSE file comes with this software, it is provided AS-IS.
  16:Core/Src/tim.c ****   *
  17:Core/Src/tim.c ****   ******************************************************************************
  18:Core/Src/tim.c ****   */
  19:Core/Src/tim.c **** /* USER CODE END Header */
  20:Core/Src/tim.c **** /* Includes ------------------------------------------------------------------*/
  21:Core/Src/tim.c **** #include "tim.h"
  22:Core/Src/tim.c **** 
  23:Core/Src/tim.c **** /* USER CODE BEGIN 0 */
  24:Core/Src/tim.c **** 
  25:Core/Src/tim.c **** /* USER CODE END 0 */
  26:Core/Src/tim.c **** 
  27:Core/Src/tim.c **** TIM_HandleTypeDef htim2;
  28:Core/Src/tim.c **** 
  29:Core/Src/tim.c **** /* TIM2 init function */
  30:Core/Src/tim.c **** void MX_TIM2_Init(void)
ARM GAS  /tmp/cclL6BjM.s 			page 2


  31:Core/Src/tim.c **** {
  29              		.loc 1 31 1 view -0
  30              		.cfi_startproc
  31              		@ args = 0, pretend = 0, frame = 24
  32              		@ frame_needed = 0, uses_anonymous_args = 0
  33 0000 00B5     		push	{lr}
  34              	.LCFI0:
  35              		.cfi_def_cfa_offset 4
  36              		.cfi_offset 14, -4
  37 0002 87B0     		sub	sp, sp, #28
  38              	.LCFI1:
  39              		.cfi_def_cfa_offset 32
  32:Core/Src/tim.c **** 
  33:Core/Src/tim.c ****   /* USER CODE BEGIN TIM2_Init 0 */
  34:Core/Src/tim.c **** 
  35:Core/Src/tim.c ****   /* USER CODE END TIM2_Init 0 */
  36:Core/Src/tim.c **** 
  37:Core/Src/tim.c ****   TIM_ClockConfigTypeDef sClockSourceConfig = {0};
  40              		.loc 1 37 3 view .LVU1
  41              		.loc 1 37 26 is_stmt 0 view .LVU2
  42 0004 0023     		movs	r3, #0
  43 0006 0293     		str	r3, [sp, #8]
  44 0008 0393     		str	r3, [sp, #12]
  45 000a 0493     		str	r3, [sp, #16]
  46 000c 0593     		str	r3, [sp, #20]
  38:Core/Src/tim.c ****   TIM_MasterConfigTypeDef sMasterConfig = {0};
  47              		.loc 1 38 3 is_stmt 1 view .LVU3
  48              		.loc 1 38 27 is_stmt 0 view .LVU4
  49 000e 0093     		str	r3, [sp]
  50 0010 0193     		str	r3, [sp, #4]
  39:Core/Src/tim.c **** 
  40:Core/Src/tim.c ****   /* USER CODE BEGIN TIM2_Init 1 */
  41:Core/Src/tim.c **** 
  42:Core/Src/tim.c ****   /* USER CODE END TIM2_Init 1 */
  43:Core/Src/tim.c ****   htim2.Instance = TIM2;
  51              		.loc 1 43 3 is_stmt 1 view .LVU5
  52              		.loc 1 43 18 is_stmt 0 view .LVU6
  53 0012 1448     		ldr	r0, .L9
  54 0014 4FF08042 		mov	r2, #1073741824
  55 0018 0260     		str	r2, [r0]
  44:Core/Src/tim.c ****   htim2.Init.Prescaler = 0;
  56              		.loc 1 44 3 is_stmt 1 view .LVU7
  57              		.loc 1 44 24 is_stmt 0 view .LVU8
  58 001a 4360     		str	r3, [r0, #4]
  45:Core/Src/tim.c ****   htim2.Init.CounterMode = TIM_COUNTERMODE_UP;
  59              		.loc 1 45 3 is_stmt 1 view .LVU9
  60              		.loc 1 45 26 is_stmt 0 view .LVU10
  61 001c 8360     		str	r3, [r0, #8]
  46:Core/Src/tim.c ****   htim2.Init.Period = 899999;
  62              		.loc 1 46 3 is_stmt 1 view .LVU11
  63              		.loc 1 46 21 is_stmt 0 view .LVU12
  64 001e 124A     		ldr	r2, .L9+4
  65 0020 C260     		str	r2, [r0, #12]
  47:Core/Src/tim.c ****   htim2.Init.ClockDivision = TIM_CLOCKDIVISION_DIV1;
  66              		.loc 1 47 3 is_stmt 1 view .LVU13
  67              		.loc 1 47 28 is_stmt 0 view .LVU14
  68 0022 0361     		str	r3, [r0, #16]
ARM GAS  /tmp/cclL6BjM.s 			page 3


  48:Core/Src/tim.c ****   htim2.Init.AutoReloadPreload = TIM_AUTORELOAD_PRELOAD_DISABLE;
  69              		.loc 1 48 3 is_stmt 1 view .LVU15
  70              		.loc 1 48 32 is_stmt 0 view .LVU16
  71 0024 8361     		str	r3, [r0, #24]
  49:Core/Src/tim.c ****   if (HAL_TIM_Base_Init(&htim2) != HAL_OK)
  72              		.loc 1 49 3 is_stmt 1 view .LVU17
  73              		.loc 1 49 7 is_stmt 0 view .LVU18
  74 0026 FFF7FEFF 		bl	HAL_TIM_Base_Init
  75              	.LVL0:
  76              		.loc 1 49 6 view .LVU19
  77 002a 90B9     		cbnz	r0, .L6
  78              	.L2:
  50:Core/Src/tim.c ****   {
  51:Core/Src/tim.c ****     Error_Handler();
  52:Core/Src/tim.c ****   }
  53:Core/Src/tim.c ****   sClockSourceConfig.ClockSource = TIM_CLOCKSOURCE_INTERNAL;
  79              		.loc 1 53 3 is_stmt 1 view .LVU20
  80              		.loc 1 53 34 is_stmt 0 view .LVU21
  81 002c 4FF48053 		mov	r3, #4096
  82 0030 0293     		str	r3, [sp, #8]
  54:Core/Src/tim.c ****   if (HAL_TIM_ConfigClockSource(&htim2, &sClockSourceConfig) != HAL_OK)
  83              		.loc 1 54 3 is_stmt 1 view .LVU22
  84              		.loc 1 54 7 is_stmt 0 view .LVU23
  85 0032 02A9     		add	r1, sp, #8
  86 0034 0B48     		ldr	r0, .L9
  87 0036 FFF7FEFF 		bl	HAL_TIM_ConfigClockSource
  88              	.LVL1:
  89              		.loc 1 54 6 view .LVU24
  90 003a 68B9     		cbnz	r0, .L7
  91              	.L3:
  55:Core/Src/tim.c ****   {
  56:Core/Src/tim.c ****     Error_Handler();
  57:Core/Src/tim.c ****   }
  58:Core/Src/tim.c ****   sMasterConfig.MasterOutputTrigger = TIM_TRGO_RESET;
  92              		.loc 1 58 3 is_stmt 1 view .LVU25
  93              		.loc 1 58 37 is_stmt 0 view .LVU26
  94 003c 0023     		movs	r3, #0
  95 003e 0093     		str	r3, [sp]
  59:Core/Src/tim.c ****   sMasterConfig.MasterSlaveMode = TIM_MASTERSLAVEMODE_DISABLE;
  96              		.loc 1 59 3 is_stmt 1 view .LVU27
  97              		.loc 1 59 33 is_stmt 0 view .LVU28
  98 0040 0193     		str	r3, [sp, #4]
  60:Core/Src/tim.c ****   if (HAL_TIMEx_MasterConfigSynchronization(&htim2, &sMasterConfig) != HAL_OK)
  99              		.loc 1 60 3 is_stmt 1 view .LVU29
 100              		.loc 1 60 7 is_stmt 0 view .LVU30
 101 0042 6946     		mov	r1, sp
 102 0044 0748     		ldr	r0, .L9
 103 0046 FFF7FEFF 		bl	HAL_TIMEx_MasterConfigSynchronization
 104              	.LVL2:
 105              		.loc 1 60 6 view .LVU31
 106 004a 40B9     		cbnz	r0, .L8
 107              	.L1:
  61:Core/Src/tim.c ****   {
  62:Core/Src/tim.c ****     Error_Handler();
  63:Core/Src/tim.c ****   }
  64:Core/Src/tim.c ****   /* USER CODE BEGIN TIM2_Init 2 */
  65:Core/Src/tim.c **** 
ARM GAS  /tmp/cclL6BjM.s 			page 4


  66:Core/Src/tim.c ****   /* USER CODE END TIM2_Init 2 */
  67:Core/Src/tim.c **** 
  68:Core/Src/tim.c **** }
 108              		.loc 1 68 1 view .LVU32
 109 004c 07B0     		add	sp, sp, #28
 110              	.LCFI2:
 111              		.cfi_remember_state
 112              		.cfi_def_cfa_offset 4
 113              		@ sp needed
 114 004e 5DF804FB 		ldr	pc, [sp], #4
 115              	.L6:
 116              	.LCFI3:
 117              		.cfi_restore_state
  51:Core/Src/tim.c ****   }
 118              		.loc 1 51 5 is_stmt 1 view .LVU33
 119 0052 FFF7FEFF 		bl	Error_Handler
 120              	.LVL3:
 121 0056 E9E7     		b	.L2
 122              	.L7:
  56:Core/Src/tim.c ****   }
 123              		.loc 1 56 5 view .LVU34
 124 0058 FFF7FEFF 		bl	Error_Handler
 125              	.LVL4:
 126 005c EEE7     		b	.L3
 127              	.L8:
  62:Core/Src/tim.c ****   }
 128              		.loc 1 62 5 view .LVU35
 129 005e FFF7FEFF 		bl	Error_Handler
 130              	.LVL5:
 131              		.loc 1 68 1 is_stmt 0 view .LVU36
 132 0062 F3E7     		b	.L1
 133              	.L10:
 134              		.align	2
 135              	.L9:
 136 0064 00000000 		.word	.LANCHOR0
 137 0068 9FBB0D00 		.word	899999
 138              		.cfi_endproc
 139              	.LFE134:
 141              		.section	.text.HAL_TIM_Base_MspInit,"ax",%progbits
 142              		.align	1
 143              		.global	HAL_TIM_Base_MspInit
 144              		.syntax unified
 145              		.thumb
 146              		.thumb_func
 147              		.fpu fpv4-sp-d16
 149              	HAL_TIM_Base_MspInit:
 150              	.LVL6:
 151              	.LFB135:
  69:Core/Src/tim.c **** 
  70:Core/Src/tim.c **** void HAL_TIM_Base_MspInit(TIM_HandleTypeDef* tim_baseHandle)
  71:Core/Src/tim.c **** {
 152              		.loc 1 71 1 is_stmt 1 view -0
 153              		.cfi_startproc
 154              		@ args = 0, pretend = 0, frame = 8
 155              		@ frame_needed = 0, uses_anonymous_args = 0
  72:Core/Src/tim.c **** 
  73:Core/Src/tim.c ****   if(tim_baseHandle->Instance==TIM2)
ARM GAS  /tmp/cclL6BjM.s 			page 5


 156              		.loc 1 73 3 view .LVU38
 157              		.loc 1 73 20 is_stmt 0 view .LVU39
 158 0000 0368     		ldr	r3, [r0]
 159              		.loc 1 73 5 view .LVU40
 160 0002 B3F1804F 		cmp	r3, #1073741824
 161 0006 00D0     		beq	.L17
 162 0008 7047     		bx	lr
 163              	.L17:
  71:Core/Src/tim.c **** 
 164              		.loc 1 71 1 view .LVU41
 165 000a 00B5     		push	{lr}
 166              	.LCFI4:
 167              		.cfi_def_cfa_offset 4
 168              		.cfi_offset 14, -4
 169 000c 83B0     		sub	sp, sp, #12
 170              	.LCFI5:
 171              		.cfi_def_cfa_offset 16
  74:Core/Src/tim.c ****   {
  75:Core/Src/tim.c ****   /* USER CODE BEGIN TIM2_MspInit 0 */
  76:Core/Src/tim.c **** 
  77:Core/Src/tim.c ****   /* USER CODE END TIM2_MspInit 0 */
  78:Core/Src/tim.c ****     /* TIM2 clock enable */
  79:Core/Src/tim.c ****     __HAL_RCC_TIM2_CLK_ENABLE();
 172              		.loc 1 79 5 is_stmt 1 view .LVU42
 173              	.LBB2:
 174              		.loc 1 79 5 view .LVU43
 175 000e 0021     		movs	r1, #0
 176 0010 0191     		str	r1, [sp, #4]
 177              		.loc 1 79 5 view .LVU44
 178 0012 03F50E33 		add	r3, r3, #145408
 179 0016 1A6C     		ldr	r2, [r3, #64]
 180 0018 42F00102 		orr	r2, r2, #1
 181 001c 1A64     		str	r2, [r3, #64]
 182              		.loc 1 79 5 view .LVU45
 183 001e 1B6C     		ldr	r3, [r3, #64]
 184 0020 03F00103 		and	r3, r3, #1
 185 0024 0193     		str	r3, [sp, #4]
 186              		.loc 1 79 5 view .LVU46
 187 0026 019B     		ldr	r3, [sp, #4]
 188              	.LBE2:
 189              		.loc 1 79 5 view .LVU47
  80:Core/Src/tim.c **** 
  81:Core/Src/tim.c ****     /* TIM2 interrupt Init */
  82:Core/Src/tim.c ****     HAL_NVIC_SetPriority(TIM2_IRQn, 0, 0);
 190              		.loc 1 82 5 view .LVU48
 191 0028 0A46     		mov	r2, r1
 192 002a 1C20     		movs	r0, #28
 193              	.LVL7:
 194              		.loc 1 82 5 is_stmt 0 view .LVU49
 195 002c FFF7FEFF 		bl	HAL_NVIC_SetPriority
 196              	.LVL8:
  83:Core/Src/tim.c ****     HAL_NVIC_EnableIRQ(TIM2_IRQn);
 197              		.loc 1 83 5 is_stmt 1 view .LVU50
 198 0030 1C20     		movs	r0, #28
 199 0032 FFF7FEFF 		bl	HAL_NVIC_EnableIRQ
 200              	.LVL9:
  84:Core/Src/tim.c ****   /* USER CODE BEGIN TIM2_MspInit 1 */
ARM GAS  /tmp/cclL6BjM.s 			page 6


  85:Core/Src/tim.c **** 
  86:Core/Src/tim.c ****   /* USER CODE END TIM2_MspInit 1 */
  87:Core/Src/tim.c ****   }
  88:Core/Src/tim.c **** }
 201              		.loc 1 88 1 is_stmt 0 view .LVU51
 202 0036 03B0     		add	sp, sp, #12
 203              	.LCFI6:
 204              		.cfi_def_cfa_offset 4
 205              		@ sp needed
 206 0038 5DF804FB 		ldr	pc, [sp], #4
 207              		.cfi_endproc
 208              	.LFE135:
 210              		.section	.text.HAL_TIM_Base_MspDeInit,"ax",%progbits
 211              		.align	1
 212              		.global	HAL_TIM_Base_MspDeInit
 213              		.syntax unified
 214              		.thumb
 215              		.thumb_func
 216              		.fpu fpv4-sp-d16
 218              	HAL_TIM_Base_MspDeInit:
 219              	.LVL10:
 220              	.LFB136:
  89:Core/Src/tim.c **** 
  90:Core/Src/tim.c **** void HAL_TIM_Base_MspDeInit(TIM_HandleTypeDef* tim_baseHandle)
  91:Core/Src/tim.c **** {
 221              		.loc 1 91 1 is_stmt 1 view -0
 222              		.cfi_startproc
 223              		@ args = 0, pretend = 0, frame = 0
 224              		@ frame_needed = 0, uses_anonymous_args = 0
 225              		.loc 1 91 1 is_stmt 0 view .LVU53
 226 0000 08B5     		push	{r3, lr}
 227              	.LCFI7:
 228              		.cfi_def_cfa_offset 8
 229              		.cfi_offset 3, -8
 230              		.cfi_offset 14, -4
  92:Core/Src/tim.c **** 
  93:Core/Src/tim.c ****   if(tim_baseHandle->Instance==TIM2)
 231              		.loc 1 93 3 is_stmt 1 view .LVU54
 232              		.loc 1 93 20 is_stmt 0 view .LVU55
 233 0002 0368     		ldr	r3, [r0]
 234              		.loc 1 93 5 view .LVU56
 235 0004 B3F1804F 		cmp	r3, #1073741824
 236 0008 00D0     		beq	.L21
 237              	.LVL11:
 238              	.L18:
  94:Core/Src/tim.c ****   {
  95:Core/Src/tim.c ****   /* USER CODE BEGIN TIM2_MspDeInit 0 */
  96:Core/Src/tim.c **** 
  97:Core/Src/tim.c ****   /* USER CODE END TIM2_MspDeInit 0 */
  98:Core/Src/tim.c ****     /* Peripheral clock disable */
  99:Core/Src/tim.c ****     __HAL_RCC_TIM2_CLK_DISABLE();
 100:Core/Src/tim.c **** 
 101:Core/Src/tim.c ****     /* TIM2 interrupt Deinit */
 102:Core/Src/tim.c ****     HAL_NVIC_DisableIRQ(TIM2_IRQn);
 103:Core/Src/tim.c ****   /* USER CODE BEGIN TIM2_MspDeInit 1 */
 104:Core/Src/tim.c **** 
 105:Core/Src/tim.c ****   /* USER CODE END TIM2_MspDeInit 1 */
ARM GAS  /tmp/cclL6BjM.s 			page 7


 106:Core/Src/tim.c ****   }
 107:Core/Src/tim.c **** }
 239              		.loc 1 107 1 view .LVU57
 240 000a 08BD     		pop	{r3, pc}
 241              	.LVL12:
 242              	.L21:
  99:Core/Src/tim.c **** 
 243              		.loc 1 99 5 is_stmt 1 view .LVU58
 244 000c 044A     		ldr	r2, .L22
 245 000e 136C     		ldr	r3, [r2, #64]
 246 0010 23F00103 		bic	r3, r3, #1
 247 0014 1364     		str	r3, [r2, #64]
 102:Core/Src/tim.c ****   /* USER CODE BEGIN TIM2_MspDeInit 1 */
 248              		.loc 1 102 5 view .LVU59
 249 0016 1C20     		movs	r0, #28
 250              	.LVL13:
 102:Core/Src/tim.c ****   /* USER CODE BEGIN TIM2_MspDeInit 1 */
 251              		.loc 1 102 5 is_stmt 0 view .LVU60
 252 0018 FFF7FEFF 		bl	HAL_NVIC_DisableIRQ
 253              	.LVL14:
 254              		.loc 1 107 1 view .LVU61
 255 001c F5E7     		b	.L18
 256              	.L23:
 257 001e 00BF     		.align	2
 258              	.L22:
 259 0020 00380240 		.word	1073887232
 260              		.cfi_endproc
 261              	.LFE136:
 263              		.global	htim2
 264              		.section	.bss.htim2,"aw",%nobits
 265              		.align	2
 266              		.set	.LANCHOR0,. + 0
 269              	htim2:
 270 0000 00000000 		.space	72
 270      00000000 
 270      00000000 
 270      00000000 
 270      00000000 
 271              		.text
 272              	.Letext0:
 273              		.file 2 "Drivers/CMSIS/Device/ST/STM32F4xx/Include/stm32f446xx.h"
 274              		.file 3 "/usr/lib/gcc/arm-none-eabi/10.3.1/include/stdint.h"
 275              		.file 4 "Drivers/STM32F4xx_HAL_Driver/Inc/stm32f4xx_hal_def.h"
 276              		.file 5 "Drivers/STM32F4xx_HAL_Driver/Inc/stm32f4xx_hal_dma.h"
 277              		.file 6 "Drivers/STM32F4xx_HAL_Driver/Inc/stm32f4xx_hal_tim.h"
 278              		.file 7 "Drivers/STM32F4xx_HAL_Driver/Inc/stm32f4xx_hal_cortex.h"
 279              		.file 8 "Drivers/STM32F4xx_HAL_Driver/Inc/stm32f4xx_hal_tim_ex.h"
 280              		.file 9 "Core/Inc/main.h"
 281              		.file 10 "Core/Inc/tim.h"
ARM GAS  /tmp/cclL6BjM.s 			page 8


DEFINED SYMBOLS
                            *ABS*:0000000000000000 tim.c
     /tmp/cclL6BjM.s:18     .text.MX_TIM2_Init:0000000000000000 $t
     /tmp/cclL6BjM.s:26     .text.MX_TIM2_Init:0000000000000000 MX_TIM2_Init
     /tmp/cclL6BjM.s:136    .text.MX_TIM2_Init:0000000000000064 $d
     /tmp/cclL6BjM.s:142    .text.HAL_TIM_Base_MspInit:0000000000000000 $t
     /tmp/cclL6BjM.s:149    .text.HAL_TIM_Base_MspInit:0000000000000000 HAL_TIM_Base_MspInit
     /tmp/cclL6BjM.s:211    .text.HAL_TIM_Base_MspDeInit:0000000000000000 $t
     /tmp/cclL6BjM.s:218    .text.HAL_TIM_Base_MspDeInit:0000000000000000 HAL_TIM_Base_MspDeInit
     /tmp/cclL6BjM.s:259    .text.HAL_TIM_Base_MspDeInit:0000000000000020 $d
     /tmp/cclL6BjM.s:269    .bss.htim2:0000000000000000 htim2
     /tmp/cclL6BjM.s:265    .bss.htim2:0000000000000000 $d

UNDEFINED SYMBOLS
HAL_TIM_Base_Init
HAL_TIM_ConfigClockSource
HAL_TIMEx_MasterConfigSynchronization
Error_Handler
HAL_NVIC_SetPriority
HAL_NVIC_EnableIRQ
HAL_NVIC_DisableIRQ
